<?xml version="1.0" encoding="UTF-8"?>
<!-- Generated by org.testng.reporters.JUnitReportReporter -->
<testsuite hostname="LAPTOP-RE3EK5QJ" failures="0" tests="2" name="com.dinesh.Phase5lession2.BeofreMethodAnnotation" time="24.548" errors="0" timestamp="05 Mar 2022 08:33:33 GMT" skipped="0">
  <testcase classname="com.dinesh.Phase5lession2.BeofreMethodAnnotation" name="TestWikiHomepage" time="13.519"/>
  <testcase classname="com.dinesh.Phase5lession2.BeofreMethodAnnotation" name="TestWikiLoginPage" time="11.029"/>
</testsuite> <!-- com.dinesh.Phase5lession2.BeofreMethodAnnotation -->
